         w __deregister_frame_info
         w __register_frame_info
         w __syscall_lock_close_recursive
         w userAppExit
         w userAppInit
00000000 b _TLS_MODULE_BASE_
00000000 00000802 B __ctru_dev_utf16_buf
00000000 a shift
00000000 a shift
00000804 00000401 B __ctru_dev_path_buf
00100000 A __start__
00100000 T _start
00100008 T __service_ptr
0010000c T __apt_appid
00100010 T __heap_size
00100014 T __linear_heap_size
00100018 T __system_arglist
0010001c T __system_runflags
00100020 t startup
00100058 t ClearMem
0010006c t ClrLoop
00100094 T _init
001000ac T __aeabi_idiv
001000ac 00000220 T __divsi3
001000b4 t .divsi3_skip_div0_test
001002cc 00000020 T __aeabi_idivmod
001002ec 00000004 W __aeabi_idiv0
001002ec 00000004 W __aeabi_ldiv0
001002f0 T __aeabi_drsub
001002f8 000002b0 T __aeabi_dsub
001002f8 000002b0 T __subdf3
001002fc 000002ac T __adddf3
001002fc 000002ac T __aeabi_dadd
001005a8 00000024 T __aeabi_ui2d
001005a8 00000024 T __floatunsidf
001005cc 00000028 T __aeabi_i2d
001005cc 00000028 T __floatsidf
001005f4 00000048 T __aeabi_f2d
001005f4 00000048 T __extendsfdf2
0010063c 00000074 T __aeabi_ul2d
0010063c 00000074 T __floatundidf
00100650 00000060 T __aeabi_l2d
00100650 00000060 T __floatdidf
001006b0 T __aeabi_uldivmod
00100708 00000390 T strcmp
00100a90 t .udivsi3_skip_div0_test
00100a90 T __aeabi_uidiv
00100a90 000001ec T __udivsi3
00100c7c 00000020 T __aeabi_uidivmod
00100c9c t __do_global_dtors_aux
00100cdc t frame_dummy
00100d08 000000a4 T drawArray
00100dac 0000008c T initArray
00100e38 000000b0 T handleArraySize
00100ee8 00000128 T settingsMenu
00101010 000000fc T algoMenu
0010110c 00000110 T menu
0010121c 00000184 T main
001013a0 00000044 t C2Di_FrameEndHook
001013e8 0000036c T C2D_Init
00101754 0000004c T C2D_Fini
001017a0 000000b8 T C2D_Prepare
00101858 00000048 T C2D_Flush
001018a0 00000104 T C2D_SceneSize
001019a4 00000058 T C2D_CreateScreenTarget
001019fc 00000064 T C2D_TargetClear
00101a60 00000058 T C2Di_AppendQuad
00101ab8 00000550 T C2Di_Update
00102008 00000158 T C2D_DrawRectangle
00102160 00000004 W C3Di_LightEnvUpdate
00102164 00000004 W C3Di_LightEnvDirty
00102168 000000b4 t C3Di_AptEventHook
0010221c 00000004 W C3Di_GasUpdate
00102220 000001e0 T C3D_Init
00102400 00000098 T C3D_SetViewport
00102498 000004e8 T C3Di_UpdateContext
00102980 000000e0 T C3Di_SplitFrame
00102a60 00000010 T C3D_GetCmdBufUsage
00102a70 00000044 T C3D_Fini
00102ab4 00000114 T C3D_BindProgram
00102bc8 0000004c t onVBlank0
00102c14 0000004c t onVBlank1
00102c60 00000080 t C3Di_RenderTargetDestroy
00102ce0 000000f4 t onQueueFinish
00102dd4 00000038 T C3Di_RenderQueueEnableVBlank
00102e0c 00000030 T C3Di_RenderQueueDisableVBlank
00102e3c 00000060 T C3Di_RenderQueueInit
00102e9c 000000b0 T C3Di_RenderQueueExit
00102f4c 00000034 T C3Di_RenderQueueWaitDone
00102f80 000000e4 T C3D_FrameBegin
00103064 00000048 T C3D_FrameDrawOn
001030ac 00000058 T C3D_FrameSplit
00103104 000001d8 T C3D_FrameEnd
001032dc 0000001c T C3D_FrameEndHook
001032f8 00000018 T C3D_GetDrawingTime
00103310 00000018 T C3D_GetProcessingTime
00103328 00000184 T C3D_RenderTargetCreate
001034ac 000000a8 T C3D_RenderTargetSetOutput
00103554 00000044 T C3D_TexBind
00103598 0000016c T C3Di_SetTex
00103704 0000001c T C3D_CalcColorBufSize
00103720 0000001c T C3D_CalcDepthBufSize
0010373c 00000044 T C3D_SetFrameBuf
00103780 0000016c T C3Di_FrameBufBind
001038ec 000000c8 T C3D_FrameBufClear
001039b4 00000044 T C3D_FrameBufTransfer
001039f8 00000034 T C3D_GetTexEnv
00103a2c 00000024 T C3Di_TexEnvBind
00103a50 00000218 T C3D_DrawElements
00103c68 00000070 T C3D_ProcTexInit
00103cd8 00000054 T C3D_ProcTexBind
00103d2c 0000005c T C3D_ProcTexLutBind
00103d88 000000a4 T ProcTexLut_FromArray
00103e2c 0000017c T C3Di_ProcTexUpdate
00103fa8 00000068 T C3Di_ProcTexDirty
00104010 00000024 T BufInfo_Init
00104034 00000080 T BufInfo_Add
001040b4 00000040 T C3D_SetBufInfo
001040f4 00000048 T C3Di_BufInfoBind
0010413c 00000040 T C3D_DepthMap
0010417c 0000001c T C3D_CullFace
00104198 00000040 T C3D_StencilTest
001041d8 00000024 T C3D_StencilOp
001041fc 0000001c T C3D_BlendingColor
00104218 00000024 T C3D_EarlyDepthTest
0010423c 0000002c T C3D_DepthTest
00104268 0000002c T C3D_AlphaTest
00104294 00000050 T C3D_AlphaBlend
001042e4 00000030 T C3D_FragOpMode
00104314 00000044 T C3D_FragOpShadow
00104358 000001ac T C3Di_EffectBind
00104504 00000028 T AttrInfo_Init
0010452c 00000094 T AttrInfo_AddLoader
001045c0 00000054 T C3D_SetAttrInfo
00104614 00000080 T C3Di_AttrInfoBind
00104694 000000a8 T C3D_ImmSendAttrib
0010473c 00000280 T C3D_UpdateUniforms
001049bc 000000c0 T C3Di_DirtyUniforms
00104a7c 000000d8 T C3Di_LoadShaderUniforms
00104b54 00000028 T C3Di_ClearShaderUniforms
00104b7c 000000cc T Mtx_Ortho
00104c48 000000cc T Mtx_OrthoTilt
00104d14 00000024 t addrMapNodeComparator(rbtree_node const*, rbtree_node const*)
00104d38 00000004 t addrMapNodeDestructor(rbtree_node*)
00104d3c 00000250 T vramMemAlignAt
00104f8c 0000000c T vramAlloc
00104f98 0000000c T vramAllocAt
00104fa4 00000090 T vramFree
00105034 00000024 t addrMapNodeComparator(rbtree_node const*, rbtree_node const*)
00105058 00000004 t addrMapNodeDestructor(rbtree_node*)
0010505c 00000120 T linearMemAlign
0010517c 00000008 T linearAlloc
00105184 0000005c T linearFree
001051e0 00000080 T MemPool::CoalesceRight(MemBlock*)
00105260 0000016c T MemPool::Allocate(MemChunk&, unsigned long, int)
001053cc 000000fc T MemPool::Deallocate(MemChunk const&)
001054c8 00000030 T MemPool::GetFreeSpace()
001054f8 00000074 T osConvertVirtToPhys
00105570 00000038 T osTickCounterRead
001055a8 00000034 T __ctru_speedup_config
001055dc 000001e8 t parseColor
001057c4 000001ac T consoleDrawChar
00105970 00000124 T consolePrintChar
00105a94 00000b94 T con_write
00106628 000000fc t newRow
00106724 00000168 T consoleInit
0010688c 000000d0 t gfxPresentFramebuffer
0010695c 0000001c T gfxIsWide
00106978 000000ec T gfxSetScreenFormat
00106a64 00000010 T gfxSetDoubleBuffering
00106a74 000000e0 T gfxInit
00106b54 00000010 T gfxInitDefault
00106b64 000000b4 T gfxExit
00106c18 000000a0 T gfxGetFramebuffer
00106cb8 00000104 T gfxFlushBuffers
00106dbc 00000030 T gfxScreenSwapBuffers
00106dec 00000050 T gfxSwapBuffersGpu
00106e3c 000001d4 T shaderInstanceInit
00107010 00000018 T shaderInstanceGetUniformLocation
00107028 0000001c T shaderProgramInit
00107044 00000064 T shaderProgramFree
001070a8 00000080 T shaderProgramSetVsh
00107128 000008e0 T shaderProgramConfigure
00107a08 000001cc t DVLE_GenerateOutmap.part.0
00107bd4 000001b4 T DVLB_ParseFile
00107d88 00000038 T DVLB_Free
00107dc0 00000074 T DVLE_GetUniformRegister
00107e34 00000010 T GX_BindQueue
00107e44 00000078 T GX_ProcessCommandList
00107ebc 00000074 T GX_MemoryFill
00107f30 00000070 T GX_DisplayTransfer
00107fa0 00000068 t gxCmdQueueDoCommands.part.0
00108008 000000c8 T gxCmdQueueInterrupt
001080d0 0000004c T gxCmdQueueClear
0010811c 000000f8 T gxCmdQueueAdd
00108214 00000080 T gxCmdQueueRun
00108294 00000060 T gxCmdQueueStop
001082f4 00000074 T gxCmdQueueWait
00108368 0000013c T GPUCMD_Add
001084a4 000000b0 T GPUCMD_Split
00108554 00000034 T f32tof16
00108588 00000034 T f32tof24
001085bc 00000038 T f32tof31
001085f4 00000c58 t gspHardwareInit
0010924c 00000248 T gspInit
00109494 000000f0 T gspExit
00109584 00000010 T gspHasGpuRight
00109594 000000a0 T gspPresentBuffer
00109634 00000030 T gspSetEventCallback
00109664 00000044 T gspWaitForEvent
001096a8 0000004c T gspWaitForAnyEvent
001096f4 00000158 t gspEventThreadMain
0010984c 00000130 T gspSubmitGxCommand
0010997c 00000050 T GSPGPU_FlushDataCache
001099cc 00000034 T GSPGPU_SetLcdForceBlack
00109a00 00000068 T GSPGPU_AcquireRight
00109a68 00000048 T GSPGPU_ReleaseRight
00109ab0 0000007c T GSPGPU_ImportDisplayCaptureInfo
00109b2c 0000002c T GSPGPU_SaveVramSysArea
00109b58 0000002c T GSPGPU_RestoreVramSysArea
00109b84 000001a4 t aptConvertScreenForCapture
00109d28 00000008 W aptDspSleep
00109d30 00000004 W aptDspWakeup
00109d34 00000004 W aptDspCancel
00109d38 00000158 T aptSendCommand
00109e90 00000044 t aptExitProcess
00109ed4 000002f4 T aptExit
0010a1c8 000000e0 T aptHandleSleep
0010a2a8 00000030 T aptHook
0010a2d8 00000030 T aptUnhook
0010a308 0000001c T aptSetMessageCallback
0010a324 00000084 T APT_SleepIfShellClosed
0010a3a8 00000084 T aptSetSleepAllowed
0010a42c 00000084 T APT_UnlockTransition
0010a4b0 000004a4 t aptEventHandler
0010a954 000000b0 T APT_ReceiveParameter
0010aa04 000000b0 t aptReceiveParameter.constprop.0
0010aab8 000002ac t aptScreenTransfer
0010ad64 00000344 t aptWaitForWakeUp.isra.0
0010b0a8 0000011c T aptLaunchLibraryApplet
0010b1c8 00000100 T aptJumpToHomeMenu
0010b2c8 00000048 T aptMainLoop
0010b310 0000022c T aptInit
0010b53c 0000005c T APT_SendParameter
0010b598 0000007c T APT_CheckNew3DS
0010b614 00000024 W hidShouldUseIrrst
0010b638 0000018c T hidInit
0010b7c4 000000e8 T hidExit
0010b8ac 000002a4 T hidScanInput
0010bb50 00000010 T hidKeysDown
0010bb60 00000074 T ptmSysmInit
0010bbd4 0000003c T ptmSysmExit
0010bc10 00000034 T PTMSYSM_ConfigureNew3DSCPU
0010bc44 00000178 t swkbdMessageCallback
0010bdbc 00000078 T swkbdInit
0010be34 00000038 T swkbdSetFeatures
0010be6c 000003a4 T swkbdInputText
0010c210 00000010 T rbtree_init
0010c220 000001b4 t do_insert
0010c3d4 00000008 T rbtree_insert
0010c3dc 00000090 T rbtree_rotate
0010c46c 00000318 T rbtree_remove
0010c784 00000074 T rbtree_find
0010c7f8 000000e8 T utf16_to_utf8
0010c8e0 00000064 T decode_utf16
0010c944 000000c0 T utf8_to_utf16
0010ca08 000001e0 W __system_allocateHeaps
0010cbe8 00000038 W __libctru_init
0010cc20 00000170 W __system_initArgv
0010cd90 T svcControlMemory
0010cdb0 T svcQueryMemory
0010cde0 T svcExitProcess
0010cde8 T svcCreateThread
0010ce08 T svcExitThread
0010ce10 T svcSleepThread
0010ce18 T svcReleaseMutex
0010ce20 T svcCreateEvent
0010ce34 T svcSignalEvent
0010ce3c T svcClearEvent
0010ce44 T svcCreateMemoryBlock
0010ce5c T svcMapMemoryBlock
0010ce64 T svcUnmapMemoryBlock
0010ce6c T svcCreateAddressArbiter
0010ce80 T svcArbitrateAddressNoTimeout
0010ce88 T svcCloseHandle
0010ce90 T svcWaitSynchronization
0010ce98 T svcWaitSynchronizationN
0010cec0 T svcDuplicateHandle
0010ced4 T svcGetSystemTick
0010cedc T svcConnectToPort
0010cef0 T svcSendSyncRequest
0010cef8 T svcGetResourceLimit
0010cf0c T svcGetResourceLimitLimitValues
0010cf14 T svcGetResourceLimitCurrentValues
0010cf1c T svcBreak
0010cf24 W initSystem
0010cf74 W __ctru_exit
0010cf8c 0000000c T __sync_init
0010cf98 00000018 T __sync_fini
0010cfb0 0000002c T syncArbitrateAddress
0010cfdc 000000b0 T LightLock_Lock
0010d08c 00000040 T LightLock_Unlock
0010d0cc 00000024 T RecursiveLock_Init
0010d0f0 00000030 T RecursiveLock_Lock
0010d120 00000054 T RecursiveLock_Unlock
0010d174 00000040 T LightEvent_Init
0010d1b4 000000a4 T LightEvent_Clear
0010d258 000000c8 T LightEvent_Signal
0010d320 00000050 T LightEvent_TryWait
0010d370 000000b0 T LightEvent_Wait
0010d420 00000130 T srvInit
0010d550 00000058 T srvExit
0010d5a8 000000a0 T srvGetServiceHandleDirect
0010d648 00000038 T srvGetServiceHandle
0010d680 00000038 T srvPublishToSubscriber
0010d6b8 00000178 T threadCreate
0010d830 0000002c T threadFree
0010d85c 00000024 T threadJoin
0010d880 00000030 T threadGetCurrent
0010d8b0 00000040 T threadExit
0010d8f0 00000020 t _thread_begin
0010d910 000000b4 t mappableFindAddressWithin
0010d9c4 00000028 T mappableInit
0010d9ec 00000080 T mappableAlloc
0010da6c 00000004 T mappableFree
0010da70 00000164 T irrstInit
0010dbd4 000000cc T irrstExit
0010dca0 000000b4 T irrstScanInput
0010dd54 00000024 T irrstKeysHeld
0010dd78 0000000c T srvPmGetSessionHandle
0010dd84 0000005c T rbtree_node_next
0010dde0 00000054 T encode_utf16
0010de34 000000e0 T encode_utf8
0010df14 0000013c T decode_utf8
0010e050 00000030 W __appInit
0010e080 00000030 T __syscall_getreent
0010e0b0 00000004 T __syscall_lock_acquire
0010e0b4 00000004 T __syscall_lock_release
0010e0b8 00000004 T __syscall_lock_init_recursive
0010e0bc 00000004 T __syscall_lock_acquire_recursive
0010e0c0 00000004 T __syscall_lock_release_recursive
0010e0c4 00000004 T __syscall_exit
0010e0c8 00000050 T initThreadVars
0010e118 00000068 T __system_initSyscalls
0010e180 00000030 W __appExit
0010e1b0 00000090 W __libctru_exit
0010e240 00000084 W envGetHandle
0010e2c4 00000050 W envDestroyHandles
0010e314 00000014 t archive_link
0010e328 00000014 t archive_dirreset
0010e33c 00000014 t archive_chmod
0010e350 00000024 t error_cmp
0010e374 00000050 t archive_translate_error
0010e3c4 000000c8 t archive_seek
0010e48c 0000007c t _archiveInit.part.0
0010e508 000000c4 t archiveFindDevice.part.0
0010e5cc 0000025c t archive_utf16path
0010e828 000000a0 t _archiveUnmountDeviceStruct.part.0
0010e8c8 00000014 t archive_fchmod
0010e8dc 00000014 t archive_statvfs
0010e8f0 00000164 t _archiveMountDevice
0010ea54 000000e8 t archive_diropen
0010eb3c 000000a4 t archive_fstat
0010ebe0 0000006c t archive_close
0010ec4c 0000006c t archive_fsync
0010ecb8 00000070 t archive_dirclose
0010ed28 000000e8 t sdmc_statvfs
0010ee10 000000ec t archive_chdir
0010eefc 0000007c t archive_ftruncate
0010ef78 000000ac t archive_read
0010f024 000000a4 t archive_unlink
0010f0c8 000000bc t archive_rmdir
0010f184 000000dc t archive_mkdir
0010f260 0000019c t archive_stat
0010f3fc 0000015c t archive_dirnext
0010f558 000000ec t archive_write
0010f644 000001d4 t archive_open
0010f818 00000278 t archive_rename
0010fa90 0000019c T archiveMountSdmc
0010fc2c 00000054 T archiveUnmountAll
0010fc80 000000cc T fsInit
0010fd4c 0000003c T fsExit
0010fd88 00000060 T fsExemptFromSession
0010fde8 00000050 T fsUnexemptFromSession
0010fe38 000000cc T FSUSER_OpenFile
0010ff04 000000bc T FSUSER_DeleteFile
0010ffc0 000000f8 T FSUSER_RenameFile
001100b8 000000bc T FSUSER_DeleteDirectory
00110174 000000d4 T FSUSER_CreateFile
00110248 000000c4 T FSUSER_CreateDirectory
0011030c 000000f8 T FSUSER_RenameDirectory
00110404 000000b4 T FSUSER_OpenDirectory
001104b8 00000098 T FSUSER_OpenArchive
00110550 0000008c T FSUSER_CloseArchive
001105dc 00000074 T FSUSER_GetSdmcArchiveResource
00110650 00000064 T FSUSER_IsSdmcWritable
001106b4 00000058 T FSFILE_Read
0011070c 00000060 T FSFILE_Write
0011076c 0000003c T FSFILE_GetSize
001107a8 00000028 T FSFILE_SetSize
001107d0 0000003c T FSFILE_Close
0011080c 00000024 T FSFILE_Flush
00110830 00000050 T FSDIR_Read
00110880 0000003c T FSDIR_Close
001108bc T __aeabi_read_tp
001108c8 00000120 T __udivmoddi4
001109e8 00000078 T bsearch
00110a60 00000020 T calloc
00110a80 000000c0 T _calloc_r
00110b40 0000000c T __errno
00110b4c 00000034 T exit
00110b80 00000234 T __sflush_r
00110db4 00000094 T _fflush_r
00110e48 0000000c T _cleanup_r
00110e54 00000184 T __sinit
00110fd8 0000000c T __sfp_lock_acquire
00110fe4 0000000c T __sfp_lock_release
00110ff0 0000003c T __libc_fini_array
0011102c 000000f8 T _malloc_trim_r
00111124 000002e8 T _free_r
0011140c 00000070 T _fwalk_reent
0011147c 00000084 T __libc_init_array
00111500 00000020 T memalign
00111520 0000014c T _memalign_r
0011166c 00000018 T malloc
00111684 00000018 T free
0011169c 000007e4 T _malloc_r
00111e80 000000e4 T memchr
00111f64 00000118 T memcpy
0011207c 000000f4 T memset
00112170 0000000c T __malloc_lock
0011217c 0000000c T __malloc_unlock
00112188 00000034 T printf
001121bc 00000044 T rand
00112200 0000025c T setvbuf
0011245c 00000074 T sscanf
001124d0 00000044 T __sread
00112514 00000008 T __seofread
0011251c 00000068 T __swrite
00112584 00000044 T __sseek
001125c8 00000008 T __sclose
001125d0 0000005c T strlen
0011262c 000000e4 T strncat
00112710 000000e4 T strncmp
001127f4 000000c4 T strncpy
001128b8 00000048 T strnlen
00112900 000001c4 t _strtoul_l.constprop.0
00112ac4 00000004 T _strtoul_r
00112ac8 00000028 T strtoul
00112af0 00000050 t get_arg
00112b40 00002c38 T __ssvfscanf_r
00115778 0000066c t get_arg
00115de8 0000339c T _vfprintf_r
00119184 000000d0 t __sbprintf
00119254 00000054 T _wcrtomb_r
001192a8 00000028 T _wcsrtombs_r
001192d0 0000013c T __swsetup_r
0011940c 00000114 T __call_exitprocs
00119520 000001b0 t quorem
001196d0 000011f8 T _dtoa_r
0011a8c8 0000015c T _fclose_r
0011aa24 00000008 T iswspace
0011aa2c 0000000c T _localeconv_r
0011aa38 00000010 T __locale_mb_cur_max
0011aa48 00000138 T __smakebuf_r
0011ab80 0000008c T __swhatbuf_r
0011ac0c 00000068 T _mbrtowc_r
0011ac74 000002f8 T __utf8_mbtowc
0011af6c 00000088 T _Balloc
0011aff4 0000001c T _Bfree
0011b010 000000f4 T __multadd
0011b104 00000110 T __s2b
0011b214 00000060 T __hi0bits
0011b274 0000009c T __lo0bits
0011b310 000000a8 T __i2b
0011b3b8 00000204 T __multiply
0011b5bc 00000124 T __pow5mult
0011b6e0 00000140 T __lshift
0011b820 00000058 T __mcmp
0011b878 000001ec T __mdiff
0011ba64 00000068 T __ulp
0011bacc 000000d0 T __b2d
0011bb9c 00000120 T __d2b
0011bcbc 00000078 T __ratio
0011bd34 00000088 T __copybits
0011bdbc 0000005c T __any_on
0011be18 00000020 T realloc
0011be38 000004a0 T _realloc_r
0011c2d8 000000f4 T __sccl
0011c3cc 0000000c T nanf
0011c3d8 00000088 T frexp
0011c460 00000064 T sprintf
0011c4c4 000000cc T stpncpy
0011c590 00000130 T strchr
0011c6c0 00000064 t sulp
0011c728 000013a8 T _strtod_l
0011dad0 0000000c T _strtod_r
0011dadc 0000022c t _strtoll_l.constprop.0
0011dd08 00000004 T _strtoll_r
0011dd0c 000001a4 t _strtol_l.part.0
0011deb0 0000003c T _strtol_r
0011deec 00000244 t _strtoull_l.constprop.0
0011e130 00000004 T _strtoull_r
0011e134 00000188 T __ssprint_r
0011e2bc 000000d4 T _sungetc_r
0011e390 0000006c T __ssrefill_r
0011e3fc 000000c4 T _sfread_r
0011e4c0 0000066c t get_arg
0011eb30 00003334 T _svfprintf_r
00121e64 000000a8 T __submore
00121f0c 0000066c t get_arg
00122578 00000030 T __sprint_r
001225a8 000022ec T _vfiprintf_r
00124894 000000d0 t __sbprintf
00124964 00000188 T _wcsnrtombs_l
00124aec 0000004c T _wcsnrtombs_r
00124b38 000000f0 T __utf8_wctomb
00124c28 0000005c T __assert_func
00124c84 0000003c T fiprintf
00124cc0 000004b4 T __sfvwrite_r
00125174 000000f0 t rshift
00125264 00000814 T __gethex
00125a78 0000004c T __match
00125ac4 0000029c T __hexnan
00125d60 0000003c T iswspace_l
00125d9c 000001d8 t __jp2uc
00125f74 0000009c T _jp2uc_l
00126010 00000150 T memmove
00126160 00000010 T nan
00126170 00000014 T abort
00126184 0000008c T category
00126210 00000090 T _raise_r
001262a0 00000018 T raise
001262b8 00000008 t null_write
001262c0 00000018 T setDefaultDevice
001262d8 000000c8 T FindDevice
001263a0 00000028 T RemoveDevice
001263c8 0000009c T AddDevice
00126464 00000020 T GetDeviceOpTab
00126484 00000078 T _fstat_r
001264fc 00000014 T _getpid_r
00126510 00000008 T _isatty_r
00126518 00000014 T _kill_r
0012652c 00000084 T _lseek_r
001265b0 00000080 T _read_r
00126630 00000078 T _sbrk_r
001266a8 00000080 T _write_r
00126728 00000020 T _exit
00126748 000001a4 T _concatenate_path
001268ec 00000140 T chdir
00126a2c 00000008 T __flockfile
00126a34 00000008 T __funlockfile
00126a3c 0000003c T __get_handle
00126a78 000000f4 T _close_r
00126b6c 0000002c T __getreent
00126b98 0000001c T __libc_lock_acquire
00126bb4 0000001c T __libc_lock_release
00126bd0 0000001c T __libc_lock_init_recursive
00126bec 0000001c T __libc_lock_acquire_recursive
00126c08 0000001c T __libc_lock_release_recursive
00126c24 0000001c T __libc_lock_close_recursive
00126c40 00000038 T __aeabi_d2lz
00126c40 00000038 T __fixdfdi
00126c78 00000040 T __aeabi_d2ulz
00126c78 00000040 T __fixunsdfdi
00126cb8 00000048 T strrchr
00126d00 T _fini
0012711c R render2d_shbin
001272a8 R render2d_shbin_end
001272a8 R render2d_shbin_size
001272ac 00000005 r colorFmtSizes
001272b4 00000004 r depthFmtSizes
001272b8 00000010 r CSWTCH.9
00127340 00000070 r dotab_stdout
001273b0 00000018 r grayScale
001273c8 00000006 r colorCube
001273d0 00000030 r colorTable
00127424 00000008 r morton_y.2
0012742c 00000008 r morton_x.3
00127434 00000008 r s_sleepWakeEvents.4
00127460 00000014 r swkbdFeatures
00127480 R default_font_bin
00127c80 R default_font_bin_end
00127ca4 00000030 r error_table
00127cdc 00000070 r archive_devoptab
00127d54 00000004 R _global_impure_ptr
00127d60 00000022 r basefix.0
00127dc0 00000010 r zeroes.0
00127dd0 00000010 r blanks.1
00127de0 00000101 R _ctype_
00127ef4 r .LC2
00127fe8 0000000c r p05.0
00127ff8 00000028 R __mprec_bigtens
00128020 000000c8 R __mprec_tens
001280f8 00000014 r fpinan.0
0012810c 00000014 r fpi.1
00128120 00000028 r tinytens
00128148 0000006c R __action_table
001281b4 0000006c R __state_table
00128220 00000100 R __chclass
00128320 00000010 r zeroes.0
00128330 00000010 r blanks.1
00128340 00000010 r zeroes.0
00128350 00000010 r blanks.1
001283f0 00000100 R __hexdig
00128504 00001a7c r d02f4
00129f80 0000172a r b02cf
0012b6ac 00000040 r a8
0012b6ec 000000a2 r a7
0012b790 00000070 r a6
0012b800 0000005b r a3
0012b85c 000000bc r a2
0012b918 000000bc r a1
0012b9d4 00003528 r categories
0012eefc 00000070 R dotab_stdnull
0012ef6c r 
0012ef6c R __exidx_end
0012ef6c R __exidx_start
0012f000 00000004 D arrayLen
0012f004 00000001 D button
0012f008 00000004 D selector
0012f00c 00000008 D SETTINGS_TEXT
0012f014 00000010 D ALGO_TEXT
0012f024 0000000c D MENU_TEXT
0012f030 0000000c D ALGORITHMS
0012f03c 00000004 d framerate
0012f040 00000008 d framerateCounter
0012f048 00000001 d firstConsoleInit.0
0012f04c 00000004 D currentConsole
0012f050 00000048 D defaultConsole
0012f098 00000004 d queueLock
0012f09c 00000004 d kCount
0012f0a0 00000004 d kInterval
0012f0a4 00000004 d kDelay
0012f0a8 W __stacksize__
0012f0ac 00000004 D _impure_ptr
0012f0b0 00000460 d impure_data
0012f510 00000004 D __malloc_sbrk_base
0012f514 00000004 D __malloc_trim_threshold
0012f518 00000408 D __malloc_av_
0012f920 0000016c D __global_locale
0012fa8c 0000008c D devoptab_list
0012fb18 00000004 d defaultDevice
0012fb1c 00000400 d _current_working_directory
0012ff1c 00001000 d handles
00130f1c 0000000c d __stderr_handle
00130f28 0000000c d __stdout_handle
00130f34 0000000c d __stdin_handle
00130f48 d _GLOBAL_OFFSET_TABLE_
00130f54 d __frame_dummy_init_array_entry
00130f54 D __init_array_start
00130f54 B __preinit_array_end
00130f54 B __preinit_array_start
00130f54 D __tdata_lma
00130f54 D __tdata_lma_end
00130f58 d __do_global_dtors_aux_fini_array_entry
00130f58 D __fini_array_start
00130f58 D __init_array_end
00130f5c D __bss_start__
00130f5c D __fini_array_end
00130f60 00000004 B selected
00130f64 00000004 B currentMenu
00130f68 00000004 B array
00130f6c 00000004 B bar_clr
00130f70 00000001 B arrayUpdate
00130f78 00000400 b swkbd
00131378 0000000a b mybuf
00131384 00000004 B kDown
00131388 00000004 B top
0013138c b completed.1
00131390 b object.0
001313a8 000005a8 B __C2Di_Context
00131950 00000040 b s_projBot
00131990 00000040 b s_projTop
001319d0 00000004 b uLoc_mdlvMtx
001319d4 00000004 b uLoc_projMtx
001319d8 000002d0 B __C3D_Context
00131ca8 0000000c b hookCookie
00131cb8 00000010 b cpuTime
00131cc8 00000004 b firstTarget
00131ccc 00000008 b frameCounter
00131cd4 00000004 b frameEndCb
00131cd8 00000004 b frameEndCbData
00131ce0 00000010 b gpuTime
00131cf0 00000001 b inFrame
00131cf1 00000001 b inSafeTransfer
00131cf2 00000001 b isTopStereo
00131cf4 00000004 b lastTarget
00131cf8 0000000c b linkedTarget
00131d04 00000001 b measureGpuTime
00131d05 00000001 b needSwapBot
00131d06 00000001 b needSwapTop
00131d08 00000004 B C3D_BoolUnifs
00131d0c 00000002 B C3D_BoolUnifsDirty
00131d10 00000c00 B C3D_FVUnif
00132910 000000c0 B C3D_FVUnifDirty
001329d0 00000020 B C3D_IVUnif
001329f0 00000008 B C3D_IVUnifDirty
001329f8 000000c0 b C3Di_FVUnifEverDirty
00132ab8 00000008 b C3Di_IVUnifEverDirty
00132ac0 00000018 b C3Di_ShaderFVecData
00132ad8 00000008 b sVramPoolB
00132ae0 00000008 b sVramPoolA
00132ae8 0000000c b sAddrMap
00132af8 00000008 b sLinearPool
00132b00 0000000c b sAddrMap
00132b0c 00000001 V __ctru_speedup
00132b10 00000048 B currentCopy
00132b58 00000004 b screenAlloc
00132b5c 00000004 b screenFree
00132b60 00000002 b gfxIsDoubleBuf
00132b64 00000002 b gfxCurBuf
00132b66 00000001 b gfxIsVram
00132b67 00000001 b gfxTopMode
00132b68 00000002 b gfxFramebufferFormats
00132b6c 00000004 b gfxBottomFramebufferMaxSize
00132b70 00000004 b gfxTopFramebufferMaxSize
00132b78 00000008 b gfxBottomFramebuffers
00132b80 00000008 b gfxTopFramebuffers
00132b88 00000004 b boundQueue
00132b8c 00000001 b shouldStop
00132b8d 00000001 b isRunning
00132b8e 00000001 b isActive
00132b90 00000004 b curQueue
00132b94 00000004 B gpuCmdBufOffset
00132b98 00000004 B gpuCmdBufSize
00132b9c 00000004 B gpuCmdBuf
00132ba0 00000007 b gspEventCbOneShot
00132ba8 0000001c b gspEventCbData
00132bc4 0000001c b gspEventCb
00132be0 00000038 b gspEvents
00132c18 00000004 b gspLastEvent
00132c1c 00000001 b gspRunEvents
00132c20 00000004 b gspEventThread
00132c24 00000004 b gspEvent
00132c28 00000001 b gspGpuRight
00132c29 00000001 b gspThreadId
00132c2c 00000004 b gspSharedMem
00132c30 00000004 b gspSharedMemHandle
00132c34 00000004 b gspRefCount
00132c38 00000004 b gspGpuHandle
00132c3c 00000001 b flagValue.0
00132c3d 00000001 b flagInit.1
00132c40 00000004 b serviceName.6
00132c44 00000001 b aptChainloadMediatype
00132c48 00000008 b aptChainloadTid
00132c50 00000001 b aptChainloadFlags
00132c54 00001000 b aptParameters
00133c54 00000004 b aptFlags
00133c58 00000001 b aptHomeButtonState
00133c5c 00000004 b aptMessageFuncData
00133c60 00000004 b aptMessageFunc
00133c64 0000000c b aptFirstHook
00133c70 00000001 b aptEventHandlerThreadQuit
00133c74 00000004 b aptEventHandlerThread
00133c78 00000008 b aptSleepEvent
00133c80 00000008 b aptReceiveEvent
00133c88 00000008 b aptEvents
00133c90 00000004 b aptLockHandle
00133c94 00000004 b aptRefCount
00133c98 00000001 b usingIrrst
00133c9c 00000004 b hidRefCount
00133ca0 00000006 b gRate
00133ca8 00000006 b aVec
00133cb0 00000004 b cPos
00133cb4 00000004 b tPos
00133cb8 00000004 b kRepeat
00133cbc 00000004 b kUp
00133cc0 00000004 b kDown
00133cc4 00000004 b kHeld
00133cc8 00000004 b kOld
00133ccc 00000004 B hidSharedMem
00133cd0 00000014 B hidEvents
00133ce4 00000004 B hidMemHandle
00133ce8 00000004 B hidHandle
00133cec 00000004 b ptmSysmRefCount
00133cf0 00000004 b ptmSysmHandle
00133cf4 00000004 b swkbdSharedMemHandle
00133cf8 00000004 b swkbdSharedMem
00133cfc 00000004 V __ctru_linear_heap_size
00133d00 00000004 V __ctru_heap_size
00133d04 00000004 B __ctru_linear_heap
00133d08 00000004 B __ctru_heap
00133d0c 00000004 B __system_retAddr
00133d10 00000004 B __system_argv
00133d14 00000004 B __system_argc
00133d18 b saved_stack
00133d20 00000004 b arbiter
00133d24 00000004 B __3dslink_host
00133d28 00000004 b srvRefCount
00133d2c 00000004 b srvHandle
00133d30 00000004 b currentAddr
00133d34 00000004 b maxAddr
00133d38 00000004 b minAddr
00133d3c 00000004 b irrstRefCount
00133d40 00000004 b csPos
00133d44 00000004 b kHeld
00133d48 00000004 B irrstSharedMem
00133d4c 00000004 B irrstEvent
00133d50 00000004 B irrstMemHandle
00133d54 00000004 B irrstHandle
00133d58 00000004 b srvPmHandle
00133d60 00000540 b archive_devices
001342a0 00000004 b archive_device_cwd
001342a4 00000001 b archive_initialized
001342a8 00000080 b fsExemptArchives
00134328 00000004 b fsuRefCount
0013432c 00000004 b fsuHandle
00134330 0000000c b __sinit_recursive_mutex
0013433c 0000000c b __sfp_recursive_mutex
00134348 00000028 B __malloc_current_mallinfo
00134370 00000004 B __malloc_max_total_mem
00134374 00000004 B __malloc_max_sbrked_mem
00134378 00000004 B __malloc_top_pad
0013437c 0000000c b __malloc_recursive_mutex
00134388 0000000c B __atexit_recursive_mutex
00134394 00000004 b heap_start.0
00134398 00000004 B fake_heap_start
0013439c 00000004 B fake_heap_end
001343a0 00000400 b temp_cwd
001347a0 00000004 b __hndl_lock
001347a4 B __tls_start
001353ac B __bss_end__
001353ac A __end__
001353ac B __tls_end
